app/build/intermediates/manifest_merge_blame_file/debug/manifest-merger-blame-debug-report.txt
1<?xml version="1.0" encoding="utf-8"?>
2<manifest xmlns:android="http://schemas.android.com/apk/res/android"
3    package="com.example.ck_room"
4    android:versionCode="1"
5    android:versionName="1.0" >
6
7    <uses-sdk
8        android:minSdkVersion="30"
8-->src\main\AndroidManifest.xml
9        android:targetSdkVersion="33" />
9-->src\main\AndroidManifest.xml
10
11    <uses-permission android:name="android.permission.INTERNET" />
11-->src\main\AndroidManifest.xml:4:5-67
11-->src\main\AndroidManifest.xml:4:22-64
12    <uses-permission android:name="android.permission.ACCESS_NETWORK_STATE" />
12-->src\main\AndroidManifest.xml:5:5-79
12-->src\main\AndroidManifest.xml:5:22-76
13    <uses-permission android:name="android.permission.ACCESS_COARSE_LOCATION" />
13-->src\main\AndroidManifest.xml:6:5-81
13-->src\main\AndroidManifest.xml:6:22-78
14    <uses-permission android:name="android.permission.ACCESS_FINE_LOCATION" />
14-->src\main\AndroidManifest.xml:7:5-79
14-->src\main\AndroidManifest.xml:7:22-76
15
16    <!-- See https://developer.android.com/training/package-visibility/declaring for more details. -->
17    <queries>
17-->[com.stripe:payments-core:20.0.0] AndroidManifest.xml:10:5-14:15
18
19        <!-- Added to check if Chrome is installed for browser-based payment authentication (e.g. 3DS1). -->
20        <package android:name="com.android.chrome" />
20-->[com.stripe:payments-core:20.0.0] AndroidManifest.xml:13:9-54
20-->[com.stripe:payments-core:20.0.0] AndroidManifest.xml:13:18-51
21        <!-- Needs to be explicitly declared on Android R+ -->
22        <package android:name="com.google.android.apps.maps" />
22-->[com.google.android.gms:play-services-maps:18.0.2] AndroidManifest.xml:33:9-64
22-->[com.google.android.gms:play-services-maps:18.0.2] AndroidManifest.xml:33:18-61
23    </queries>
24
25    <uses-feature
25-->[com.google.android.gms:play-services-maps:18.0.2] AndroidManifest.xml:26:5-28:35
26        android:glEsVersion="0x00020000"
26-->[com.google.android.gms:play-services-maps:18.0.2] AndroidManifest.xml:27:9-41
27        android:required="true" />
27-->[com.google.android.gms:play-services-maps:18.0.2] AndroidManifest.xml:28:9-32
28
29    <permission
29-->[androidx.core:core:1.9.0] AndroidManifest.xml:22:5-24:47
30        android:name="com.example.ck_room.DYNAMIC_RECEIVER_NOT_EXPORTED_PERMISSION"
30-->[androidx.core:core:1.9.0] AndroidManifest.xml:23:9-81
31        android:protectionLevel="signature" />
31-->[androidx.core:core:1.9.0] AndroidManifest.xml:24:9-44
32
33    <uses-permission android:name="com.example.ck_room.DYNAMIC_RECEIVER_NOT_EXPORTED_PERMISSION" />
33-->[androidx.core:core:1.9.0] AndroidManifest.xml:26:5-97
33-->[androidx.core:core:1.9.0] AndroidManifest.xml:26:22-94
34
35    <application
35-->src\main\AndroidManifest.xml:9:5-53:19
36        android:allowBackup="true"
36-->src\main\AndroidManifest.xml:10:9-35
37        android:appComponentFactory="androidx.core.app.CoreComponentFactory"
37-->[androidx.core:core:1.9.0] AndroidManifest.xml:28:18-86
38        android:dataExtractionRules="@xml/data_extraction_rules"
38-->src\main\AndroidManifest.xml:11:9-65
39        android:debuggable="true"
40        android:extractNativeLibs="false"
41        android:fullBackupContent="@xml/backup_rules"
41-->src\main\AndroidManifest.xml:12:9-54
42        android:icon="@mipmap/ic_launcher"
42-->src\main\AndroidManifest.xml:13:9-43
43        android:label="@string/app_name"
43-->src\main\AndroidManifest.xml:14:9-41
44        android:roundIcon="@mipmap/ic_launcher_round"
44-->src\main\AndroidManifest.xml:15:9-54
45        android:supportsRtl="true"
45-->src\main\AndroidManifest.xml:16:9-35
46        android:testOnly="true"
47        android:theme="@style/Theme.CK_room" >
47-->src\main\AndroidManifest.xml:17:9-45
48        <activity
48-->src\main\AndroidManifest.xml:19:9-29:20
49            android:name="com.example.ck_room.MainActivity"
49-->src\main\AndroidManifest.xml:20:13-41
50            android:exported="true"
50-->src\main\AndroidManifest.xml:21:13-36
51            android:label="@string/app_name"
51-->src\main\AndroidManifest.xml:22:13-45
52            android:theme="@style/Theme.CK_room" >
52-->src\main\AndroidManifest.xml:23:13-49
53            <intent-filter>
53-->src\main\AndroidManifest.xml:24:13-28:29
54                <action android:name="android.intent.action.MAIN" />
54-->src\main\AndroidManifest.xml:25:17-69
54-->src\main\AndroidManifest.xml:25:25-66
55
56                <category android:name="android.intent.category.LAUNCHER" />
56-->src\main\AndroidManifest.xml:27:17-77
56-->src\main\AndroidManifest.xml:27:27-74
57            </intent-filter>
58        </activity>
59        <activity android:name="com.example.ck_room.Sign_up" />
59-->src\main\AndroidManifest.xml:30:9-45
59-->src\main\AndroidManifest.xml:30:19-42
60        <activity android:name="com.example.ck_room.Add_Train" />
60-->src\main\AndroidManifest.xml:31:9-47
60-->src\main\AndroidManifest.xml:31:19-44
61        <activity android:name="com.example.ck_room.Add_Train_Status" />
61-->src\main\AndroidManifest.xml:32:9-54
61-->src\main\AndroidManifest.xml:32:19-51
62        <activity android:name="com.example.ck_room.Add_route" />
62-->src\main\AndroidManifest.xml:33:9-47
62-->src\main\AndroidManifest.xml:33:19-44
63        <activity android:name="com.example.ck_room.Add_station" />
63-->src\main\AndroidManifest.xml:34:9-49
63-->src\main\AndroidManifest.xml:34:19-46
64        <activity android:name="com.example.ck_room.User_Search" />
64-->src\main\AndroidManifest.xml:35:9-49
64-->src\main\AndroidManifest.xml:35:19-46
65        <activity android:name="com.example.ck_room.User_page" />
65-->src\main\AndroidManifest.xml:36:9-47
65-->src\main\AndroidManifest.xml:36:19-44
66        <activity android:name="com.example.ck_room.Admin_page" />
66-->src\main\AndroidManifest.xml:37:9-48
66-->src\main\AndroidManifest.xml:37:19-45
67        <activity android:name="com.example.ck_room.Manage_train" />
67-->src\main\AndroidManifest.xml:39:9-50
67-->src\main\AndroidManifest.xml:39:19-47
68        <activity android:name="com.example.ck_room.Admin_manage_profile" />
68-->src\main\AndroidManifest.xml:40:9-58
68-->src\main\AndroidManifest.xml:40:19-55
69        <activity android:name="com.example.ck_room.User_edit_profile" />
69-->src\main\AndroidManifest.xml:41:9-55
69-->src\main\AndroidManifest.xml:41:19-52
70        <activity android:name="com.example.ck_room.Schedule" />
70-->src\main\AndroidManifest.xml:42:9-46
70-->src\main\AndroidManifest.xml:42:19-43
71        <activity android:name="com.example.ck_room.User_buy_ticket" />
71-->src\main\AndroidManifest.xml:43:9-53
71-->src\main\AndroidManifest.xml:43:19-50
72        <activity android:name="com.example.ck_room.ManageTrain_page" />
72-->src\main\AndroidManifest.xml:44:9-54
72-->src\main\AndroidManifest.xml:44:19-51
73        <activity android:name="com.example.ck_room.Edit_Train" />
73-->src\main\AndroidManifest.xml:45:9-48
73-->src\main\AndroidManifest.xml:45:19-45
74        <activity android:name="com.example.ck_room.User_view_train" />
74-->src\main\AndroidManifest.xml:46:9-53
74-->src\main\AndroidManifest.xml:46:19-50
75        <activity android:name="com.example.ck_room.Admin_block_user" />
75-->src\main\AndroidManifest.xml:47:9-54
75-->src\main\AndroidManifest.xml:47:19-51
76        <activity android:name="com.example.ck_room.Edit_station" />
76-->src\main\AndroidManifest.xml:48:9-49
76-->src\main\AndroidManifest.xml:48:19-47
77        <activity android:name="com.example.ck_room.User_choose_seat" />
77-->src\main\AndroidManifest.xml:49:9-54
77-->src\main\AndroidManifest.xml:49:19-51
78        <activity android:name="com.example.ck_room.Admin_manage_station" />
78-->src\main\AndroidManifest.xml:50:9-58
78-->src\main\AndroidManifest.xml:50:19-55
79        <activity
79-->[com.stripe:paymentsheet:20.0.0] AndroidManifest.xml:10:9-13:69
80            android:name="com.stripe.android.paymentsheet.PaymentSheetActivity"
80-->[com.stripe:paymentsheet:20.0.0] AndroidManifest.xml:11:13-80
81            android:exported="false"
81-->[com.stripe:paymentsheet:20.0.0] AndroidManifest.xml:12:13-37
82            android:theme="@style/StripePaymentSheetDefaultTheme" />
82-->[com.stripe:paymentsheet:20.0.0] AndroidManifest.xml:13:13-66
83        <activity
83-->[com.stripe:paymentsheet:20.0.0] AndroidManifest.xml:14:9-17:69
84            android:name="com.stripe.android.paymentsheet.PaymentOptionsActivity"
84-->[com.stripe:paymentsheet:20.0.0] AndroidManifest.xml:15:13-82
85            android:exported="false"
85-->[com.stripe:paymentsheet:20.0.0] AndroidManifest.xml:16:13-37
86            android:theme="@style/StripePaymentSheetDefaultTheme" />
86-->[com.stripe:paymentsheet:20.0.0] AndroidManifest.xml:17:13-66
87        <activity
87-->[com.stripe:payments-core:20.0.0] AndroidManifest.xml:17:9-20:57
88            android:name="com.stripe.android.view.AddPaymentMethodActivity"
88-->[com.stripe:payments-core:20.0.0] AndroidManifest.xml:18:13-76
89            android:exported="false"
89-->[com.stripe:payments-core:20.0.0] AndroidManifest.xml:19:13-37
90            android:theme="@style/StripeDefaultTheme" />
90-->[com.stripe:payments-core:20.0.0] AndroidManifest.xml:20:13-54
91        <activity
91-->[com.stripe:payments-core:20.0.0] AndroidManifest.xml:21:9-24:57
92            android:name="com.stripe.android.view.PaymentMethodsActivity"
92-->[com.stripe:payments-core:20.0.0] AndroidManifest.xml:22:13-74
93            android:exported="false"
93-->[com.stripe:payments-core:20.0.0] AndroidManifest.xml:23:13-37
94            android:theme="@style/StripeDefaultTheme" />
94-->[com.stripe:payments-core:20.0.0] AndroidManifest.xml:24:13-54
95        <activity
95-->[com.stripe:payments-core:20.0.0] AndroidManifest.xml:25:9-28:57
96            android:name="com.stripe.android.view.PaymentFlowActivity"
96-->[com.stripe:payments-core:20.0.0] AndroidManifest.xml:26:13-71
97            android:exported="false"
97-->[com.stripe:payments-core:20.0.0] AndroidManifest.xml:27:13-37
98            android:theme="@style/StripeDefaultTheme" />
98-->[com.stripe:payments-core:20.0.0] AndroidManifest.xml:28:13-54
99        <activity
99-->[com.stripe:payments-core:20.0.0] AndroidManifest.xml:29:9-33:58
100            android:name="com.stripe.android.view.PaymentAuthWebViewActivity"
100-->[com.stripe:payments-core:20.0.0] AndroidManifest.xml:30:13-78
101            android:exported="false"
101-->[com.stripe:payments-core:20.0.0] AndroidManifest.xml:31:13-37
102            android:theme="@style/StripeDefaultTheme"
102-->[com.stripe:payments-core:20.0.0] AndroidManifest.xml:32:13-54
103            android:windowSoftInputMode="adjustResize" />
103-->[com.stripe:payments-core:20.0.0] AndroidManifest.xml:33:13-55
104        <activity
104-->[com.stripe:payments-core:20.0.0] AndroidManifest.xml:34:9-37:61
105            android:name="com.stripe.android.view.PaymentRelayActivity"
105-->[com.stripe:payments-core:20.0.0] AndroidManifest.xml:35:13-72
106            android:exported="false"
106-->[com.stripe:payments-core:20.0.0] AndroidManifest.xml:36:13-37
107            android:theme="@style/StripeTransparentTheme" />
107-->[com.stripe:payments-core:20.0.0] AndroidManifest.xml:37:13-58
108        <!--
109        Set android:launchMode="singleTop" so that the StripeBrowserLauncherActivity instance that
110        launched the browser Activity will also handle the return URL deep link.
111        -->
112        <activity
112-->[com.stripe:payments-core:20.0.0] AndroidManifest.xml:43:9-47:61
113            android:name="com.stripe.android.payments.StripeBrowserLauncherActivity"
113-->[com.stripe:payments-core:20.0.0] AndroidManifest.xml:44:13-85
114            android:exported="false"
114-->[com.stripe:payments-core:20.0.0] AndroidManifest.xml:45:13-37
115            android:launchMode="singleTask"
115-->[com.stripe:payments-core:20.0.0] AndroidManifest.xml:46:13-44
116            android:theme="@style/StripeTransparentTheme" />
116-->[com.stripe:payments-core:20.0.0] AndroidManifest.xml:47:13-58
117        <activity
117-->[com.stripe:payments-core:20.0.0] AndroidManifest.xml:48:9-65:20
118            android:name="com.stripe.android.payments.StripeBrowserProxyReturnActivity"
118-->[com.stripe:payments-core:20.0.0] AndroidManifest.xml:49:13-88
119            android:exported="true"
119-->[com.stripe:payments-core:20.0.0] AndroidManifest.xml:50:13-36
120            android:launchMode="singleTask"
120-->[com.stripe:payments-core:20.0.0] AndroidManifest.xml:51:13-44
121            android:theme="@style/StripeTransparentTheme" >
121-->[com.stripe:payments-core:20.0.0] AndroidManifest.xml:52:13-58
122            <intent-filter>
122-->[com.stripe:payments-core:20.0.0] AndroidManifest.xml:53:13-64:29
123                <action android:name="android.intent.action.VIEW" />
123-->[com.stripe:payments-core:20.0.0] AndroidManifest.xml:54:17-69
123-->[com.stripe:payments-core:20.0.0] AndroidManifest.xml:54:25-66
124
125                <category android:name="android.intent.category.DEFAULT" />
125-->[com.stripe:payments-core:20.0.0] AndroidManifest.xml:56:17-76
125-->[com.stripe:payments-core:20.0.0] AndroidManifest.xml:56:27-73
126                <category android:name="android.intent.category.BROWSABLE" />
126-->[com.stripe:payments-core:20.0.0] AndroidManifest.xml:57:17-78
126-->[com.stripe:payments-core:20.0.0] AndroidManifest.xml:57:27-75
127
128                <!-- Must match `DefaultReturnUrl#value`. -->
129                <data
129-->[com.stripe:payments-core:20.0.0] AndroidManifest.xml:60:17-63:50
130                    android:host="payment_return_url"
130-->[com.stripe:payments-core:20.0.0] AndroidManifest.xml:61:21-54
131                    android:path="/com.example.ck_room"
131-->[com.stripe:payments-core:20.0.0] AndroidManifest.xml:62:21-53
132                    android:scheme="stripesdk" />
132-->[com.stripe:payments-core:20.0.0] AndroidManifest.xml:63:21-47
133            </intent-filter>
134        </activity>
135        <activity
135-->[com.stripe:payments-core:20.0.0] AndroidManifest.xml:66:9-69:57
136            android:name="com.stripe.android.payments.core.authentication.threeds2.Stripe3ds2TransactionActivity"
136-->[com.stripe:payments-core:20.0.0] AndroidManifest.xml:67:13-114
137            android:exported="false"
137-->[com.stripe:payments-core:20.0.0] AndroidManifest.xml:68:13-37
138            android:theme="@style/StripeDefaultTheme" />
138-->[com.stripe:payments-core:20.0.0] AndroidManifest.xml:69:13-54
139        <activity
139-->[com.stripe:payments-core:20.0.0] AndroidManifest.xml:70:9-73:66
140            android:name="com.stripe.android.googlepaylauncher.StripeGooglePayActivity"
140-->[com.stripe:payments-core:20.0.0] AndroidManifest.xml:71:13-88
141            android:exported="false"
141-->[com.stripe:payments-core:20.0.0] AndroidManifest.xml:72:13-37
142            android:theme="@style/StripeGooglePayDefaultTheme" />
142-->[com.stripe:payments-core:20.0.0] AndroidManifest.xml:73:13-63
143        <activity
143-->[com.stripe:payments-core:20.0.0] AndroidManifest.xml:74:9-77:66
144            android:name="com.stripe.android.googlepaylauncher.GooglePayLauncherActivity"
144-->[com.stripe:payments-core:20.0.0] AndroidManifest.xml:75:13-90
145            android:exported="false"
145-->[com.stripe:payments-core:20.0.0] AndroidManifest.xml:76:13-37
146            android:theme="@style/StripeGooglePayDefaultTheme" />
146-->[com.stripe:payments-core:20.0.0] AndroidManifest.xml:77:13-63
147        <activity
147-->[com.stripe:payments-core:20.0.0] AndroidManifest.xml:78:9-81:66
148            android:name="com.stripe.android.googlepaylauncher.GooglePayPaymentMethodLauncherActivity"
148-->[com.stripe:payments-core:20.0.0] AndroidManifest.xml:79:13-103
149            android:exported="false"
149-->[com.stripe:payments-core:20.0.0] AndroidManifest.xml:80:13-37
150            android:theme="@style/StripeGooglePayDefaultTheme" />
150-->[com.stripe:payments-core:20.0.0] AndroidManifest.xml:81:13-63
151        <activity
151-->[com.stripe:payments-core:20.0.0] AndroidManifest.xml:82:9-85:62
152            android:name="com.stripe.android.payments.paymentlauncher.PaymentLauncherConfirmationActivity"
152-->[com.stripe:payments-core:20.0.0] AndroidManifest.xml:83:13-107
153            android:exported="false"
153-->[com.stripe:payments-core:20.0.0] AndroidManifest.xml:84:13-37
154            android:theme="@style/PayLauncherDefaultTheme" />
154-->[com.stripe:payments-core:20.0.0] AndroidManifest.xml:85:13-59
155        <activity
155-->[com.stripe:payments-core:20.0.0] AndroidManifest.xml:86:9-89:61
156            android:name="com.stripe.android.payments.bankaccount.ui.CollectBankAccountActivity"
156-->[com.stripe:payments-core:20.0.0] AndroidManifest.xml:87:13-97
157            android:exported="false"
157-->[com.stripe:payments-core:20.0.0] AndroidManifest.xml:88:13-37
158            android:theme="@style/StripeTransparentTheme" />
158-->[com.stripe:payments-core:20.0.0] AndroidManifest.xml:89:13-58
159        <activity
159-->[com.stripe:stripe-3ds2-android:6.1.5] AndroidManifest.xml:10:9-13:54
160            android:name="com.stripe.android.stripe3ds2.views.ChallengeActivity"
160-->[com.stripe:stripe-3ds2-android:6.1.5] AndroidManifest.xml:11:13-81
161            android:exported="false"
161-->[com.stripe:stripe-3ds2-android:6.1.5] AndroidManifest.xml:12:13-37
162            android:theme="@style/Stripe3DS2Theme" />
162-->[com.stripe:stripe-3ds2-android:6.1.5] AndroidManifest.xml:13:13-51
163
164        <service
164-->[androidx.room:room-runtime:2.3.0] AndroidManifest.xml:25:9-28:40
165            android:name="androidx.room.MultiInstanceInvalidationService"
165-->[androidx.room:room-runtime:2.3.0] AndroidManifest.xml:26:13-74
166            android:directBootAware="true"
166-->[androidx.room:room-runtime:2.3.0] AndroidManifest.xml:27:13-43
167            android:exported="false" />
167-->[androidx.room:room-runtime:2.3.0] AndroidManifest.xml:28:13-37
168
169        <provider
169-->[com.squareup.picasso:picasso:2.71828] AndroidManifest.xml:8:9-11:40
170            android:name="com.squareup.picasso.PicassoProvider"
170-->[com.squareup.picasso:picasso:2.71828] AndroidManifest.xml:9:13-64
171            android:authorities="com.example.ck_room.com.squareup.picasso"
171-->[com.squareup.picasso:picasso:2.71828] AndroidManifest.xml:10:13-72
172            android:exported="false" /> <!-- Needs to be explicitly declared on P+ -->
172-->[com.squareup.picasso:picasso:2.71828] AndroidManifest.xml:11:13-37
173        <uses-library
173-->[com.google.android.gms:play-services-maps:18.0.2] AndroidManifest.xml:39:9-41:40
174            android:name="org.apache.http.legacy"
174-->[com.google.android.gms:play-services-maps:18.0.2] AndroidManifest.xml:40:13-50
175            android:required="false" />
175-->[com.google.android.gms:play-services-maps:18.0.2] AndroidManifest.xml:41:13-37
176
177        <activity
177-->[com.google.android.gms:play-services-base:18.0.1] AndroidManifest.xml:20:9-22:45
178            android:name="com.google.android.gms.common.api.GoogleApiActivity"
178-->[com.google.android.gms:play-services-base:18.0.1] AndroidManifest.xml:20:19-85
179            android:exported="false"
179-->[com.google.android.gms:play-services-base:18.0.1] AndroidManifest.xml:22:19-43
180            android:theme="@android:style/Theme.Translucent.NoTitleBar" />
180-->[com.google.android.gms:play-services-base:18.0.1] AndroidManifest.xml:21:19-78
181
182        <meta-data
182-->[com.google.android.gms:play-services-basement:18.0.0] AndroidManifest.xml:21:9-23:69
183            android:name="com.google.android.gms.version"
183-->[com.google.android.gms:play-services-basement:18.0.0] AndroidManifest.xml:22:13-58
184            android:value="@integer/google_play_services_version" />
184-->[com.google.android.gms:play-services-basement:18.0.0] AndroidManifest.xml:23:13-66
185
186        <provider
186-->[androidx.emoji2:emoji2:1.2.0] AndroidManifest.xml:24:9-32:20
187            android:name="androidx.startup.InitializationProvider"
187-->[androidx.emoji2:emoji2:1.2.0] AndroidManifest.xml:25:13-67
188            android:authorities="com.example.ck_room.androidx-startup"
188-->[androidx.emoji2:emoji2:1.2.0] AndroidManifest.xml:26:13-68
189            android:exported="false" >
189-->[androidx.emoji2:emoji2:1.2.0] AndroidManifest.xml:27:13-37
190            <meta-data
190-->[androidx.emoji2:emoji2:1.2.0] AndroidManifest.xml:29:13-31:52
191                android:name="androidx.emoji2.text.EmojiCompatInitializer"
191-->[androidx.emoji2:emoji2:1.2.0] AndroidManifest.xml:30:17-75
192                android:value="androidx.startup" />
192-->[androidx.emoji2:emoji2:1.2.0] AndroidManifest.xml:31:17-49
193            <meta-data
193-->[androidx.lifecycle:lifecycle-process:2.6.2] AndroidManifest.xml:29:13-31:52
194                android:name="androidx.lifecycle.ProcessLifecycleInitializer"
194-->[androidx.lifecycle:lifecycle-process:2.6.2] AndroidManifest.xml:30:17-78
195                android:value="androidx.startup" />
195-->[androidx.lifecycle:lifecycle-process:2.6.2] AndroidManifest.xml:31:17-49
196            <meta-data
196-->[androidx.profileinstaller:profileinstaller:1.3.0] AndroidManifest.xml:29:13-31:52
197                android:name="androidx.profileinstaller.ProfileInstallerInitializer"
197-->[androidx.profileinstaller:profileinstaller:1.3.0] AndroidManifest.xml:30:17-85
198                android:value="androidx.startup" />
198-->[androidx.profileinstaller:profileinstaller:1.3.0] AndroidManifest.xml:31:17-49
199        </provider>
200
201        <uses-library
201-->[androidx.window:window:1.0.0] AndroidManifest.xml:25:9-27:40
202            android:name="androidx.window.extensions"
202-->[androidx.window:window:1.0.0] AndroidManifest.xml:26:13-54
203            android:required="false" />
203-->[androidx.window:window:1.0.0] AndroidManifest.xml:27:13-37
204        <uses-library
204-->[androidx.window:window:1.0.0] AndroidManifest.xml:28:9-30:40
205            android:name="androidx.window.sidecar"
205-->[androidx.window:window:1.0.0] AndroidManifest.xml:29:13-51
206            android:required="false" />
206-->[androidx.window:window:1.0.0] AndroidManifest.xml:30:13-37
207
208        <receiver
208-->[androidx.profileinstaller:profileinstaller:1.3.0] AndroidManifest.xml:34:9-52:20
209            android:name="androidx.profileinstaller.ProfileInstallReceiver"
209-->[androidx.profileinstaller:profileinstaller:1.3.0] AndroidManifest.xml:35:13-76
210            android:directBootAware="false"
210-->[androidx.profileinstaller:profileinstaller:1.3.0] AndroidManifest.xml:36:13-44
211            android:enabled="true"
211-->[androidx.profileinstaller:profileinstaller:1.3.0] AndroidManifest.xml:37:13-35
212            android:exported="true"
212-->[androidx.profileinstaller:profileinstaller:1.3.0] AndroidManifest.xml:38:13-36
213            android:permission="android.permission.DUMP" >
213-->[androidx.profileinstaller:profileinstaller:1.3.0] AndroidManifest.xml:39:13-57
214            <intent-filter>
214-->[androidx.profileinstaller:profileinstaller:1.3.0] AndroidManifest.xml:40:13-42:29
215                <action android:name="androidx.profileinstaller.action.INSTALL_PROFILE" />
215-->[androidx.profileinstaller:profileinstaller:1.3.0] AndroidManifest.xml:41:17-91
215-->[androidx.profileinstaller:profileinstaller:1.3.0] AndroidManifest.xml:41:25-88
216            </intent-filter>
217            <intent-filter>
217-->[androidx.profileinstaller:profileinstaller:1.3.0] AndroidManifest.xml:43:13-45:29
218                <action android:name="androidx.profileinstaller.action.SKIP_FILE" />
218-->[androidx.profileinstaller:profileinstaller:1.3.0] AndroidManifest.xml:44:17-85
218-->[androidx.profileinstaller:profileinstaller:1.3.0] AndroidManifest.xml:44:25-82
219            </intent-filter>
220            <intent-filter>
220-->[androidx.profileinstaller:profileinstaller:1.3.0] AndroidManifest.xml:46:13-48:29
221                <action android:name="androidx.profileinstaller.action.SAVE_PROFILE" />
221-->[androidx.profileinstaller:profileinstaller:1.3.0] AndroidManifest.xml:47:17-88
221-->[androidx.profileinstaller:profileinstaller:1.3.0] AndroidManifest.xml:47:25-85
222            </intent-filter>
223            <intent-filter>
223-->[androidx.profileinstaller:profileinstaller:1.3.0] AndroidManifest.xml:49:13-51:29
224                <action android:name="androidx.profileinstaller.action.BENCHMARK_OPERATION" />
224-->[androidx.profileinstaller:profileinstaller:1.3.0] AndroidManifest.xml:50:17-95
224-->[androidx.profileinstaller:profileinstaller:1.3.0] AndroidManifest.xml:50:25-92
225            </intent-filter>
226        </receiver>
227
228        <meta-data
228-->[com.google.android.instantapps:instantapps:1.1.0] AndroidManifest.xml:10:9-12:33
229            android:name="aia-compat-api-min-version"
229-->[com.google.android.instantapps:instantapps:1.1.0] AndroidManifest.xml:11:13-54
230            android:value="1" />
230-->[com.google.android.instantapps:instantapps:1.1.0] AndroidManifest.xml:12:13-30
231    </application>
232
233</manifest>